Determining if the function fseeko exists failed with the following output:
Change Dir: C:/Development/op3d_active/opencv-4.1.0/msvc/CMakeFiles/CMakeTmp

Run Build Command(s):C:/Program Files (x86)/Microsoft Visual Studio/2017/Enterprise/MSBuild/15.0/Bin/MSBuild.exe cmTC_0ef6b.vcxproj /p:Configuration=Debug /p:Platform=Win32 /p:VisualStudioVersion=15.0 /v:m 
Microsoft (R) Build Engine version 15.9.21+g9802d43bc3 for .NET Framework
Copyright (C) Microsoft Corporation. All rights reserved.

  Microsoft (R) C/C++ Optimizing Compiler Version 19.16.27030.1 for x86
  Copyright (C) Microsoft Corporation.  All rights reserved.
  
  cl /c /I"C:\Program Files (x86)\Visual Leak Detector\include" /Zi /W3 /WX- /diagnostics:classic /MP4 /Od /Ob0 /Oi /Oy- /D WIN32 /D _WINDOWS /D _CRT_SECURE_NO_DEPRECATE /D _CRT_NONSTDC_NO_DEPRECATE /D _SCL_SECURE_NO_WARNINGS /D CHECK_FUNCTION_EXISTS=fseeko /D "CMAKE_INTDIR=\"Debug\"" /D _MBCS /Gm- /RTC1 /MDd /GS /Gy /arch:SSE2 /fp:precise /Zc:wchar_t /Zc:forScope /Zc:inline /Fo"cmTC_0ef6b.dir\Debug\\" /Fd"cmTC_0ef6b.dir\Debug\vc141.pdb" /Gd /TC /analyze- /errorReport:queue  /bigobj "C:\Program Files\CMake\share\cmake-3.14\Modules\CheckFunctionExists.c"
  CheckFunctionExists.c
  
CheckFunctionExists.obj : error LNK2019: unresolved external symbol _fseeko referenced in function _main [C:\Development\op3d_active\opencv-4.1.0\msvc\CMakeFiles\CMakeTmp\cmTC_0ef6b.vcxproj]
C:\Development\op3d_active\opencv-4.1.0\msvc\CMakeFiles\CMakeTmp\Debug\cmTC_0ef6b.exe : fatal error LNK1120: 1 unresolved externals [C:\Development\op3d_active\opencv-4.1.0\msvc\CMakeFiles\CMakeTmp\cmTC_0ef6b.vcxproj]


Determining size of off64_t failed with the following output:
Change Dir: C:/Development/op3d_active/opencv-4.1.0/msvc/CMakeFiles/CMakeTmp

Run Build Command(s):C:/Program Files (x86)/Microsoft Visual Studio/2017/Enterprise/MSBuild/15.0/Bin/MSBuild.exe cmTC_48722.vcxproj /p:Configuration=Debug /p:Platform=Win32 /p:VisualStudioVersion=15.0 /v:m 
Microsoft (R) Build Engine version 15.9.21+g9802d43bc3 for .NET Framework
Copyright (C) Microsoft Corporation. All rights reserved.

  Microsoft (R) C/C++ Optimizing Compiler Version 19.16.27030.1 for x86
  Copyright (C) Microsoft Corporation.  All rights reserved.
  
  cl /c /I"C:\Program Files (x86)\Visual Leak Detector\include" /Zi /W3 /WX- /diagnostics:classic /MP4 /Od /Ob0 /Oi /Oy- /D WIN32 /D _WINDOWS /D _CRT_SECURE_NO_DEPRECATE /D _CRT_NONSTDC_NO_DEPRECATE /D _SCL_SECURE_NO_WARNINGS /D "CMAKE_INTDIR=\"Debug\"" /D _MBCS /Gm- /RTC1 /MDd /GS /Gy /arch:SSE2 /fp:precise /Zc:wchar_t /Zc:forScope /Zc:inline /Fo"cmTC_48722.dir\Debug\\" /Fd"cmTC_48722.dir\Debug\vc141.pdb" /Gd /TC /analyze- /errorReport:queue  /bigobj "C:\Development\op3d_active\opencv-4.1.0\msvc\CMakeFiles\CheckTypeSize\OFF64_T.c"
  OFF64_T.c
  
C:\Development\op3d_active\opencv-4.1.0\msvc\CMakeFiles\CheckTypeSize\OFF64_T.c(25): error C2065: 'off64_t': undeclared identifier [C:\Development\op3d_active\opencv-4.1.0\msvc\CMakeFiles\CMakeTmp\cmTC_48722.vcxproj]
C:\Development\op3d_active\opencv-4.1.0\msvc\CMakeFiles\CheckTypeSize\OFF64_T.c(26): error C2065: 'off64_t': undeclared identifier [C:\Development\op3d_active\opencv-4.1.0\msvc\CMakeFiles\CMakeTmp\cmTC_48722.vcxproj]
C:\Development\op3d_active\opencv-4.1.0\msvc\CMakeFiles\CheckTypeSize\OFF64_T.c(27): error C2065: 'off64_t': undeclared identifier [C:\Development\op3d_active\opencv-4.1.0\msvc\CMakeFiles\CMakeTmp\cmTC_48722.vcxproj]
C:\Development\op3d_active\opencv-4.1.0\msvc\CMakeFiles\CheckTypeSize\OFF64_T.c(28): error C2065: 'off64_t': undeclared identifier [C:\Development\op3d_active\opencv-4.1.0\msvc\CMakeFiles\CMakeTmp\cmTC_48722.vcxproj]
C:\Development\op3d_active\opencv-4.1.0\msvc\CMakeFiles\CheckTypeSize\OFF64_T.c(29): error C2065: 'off64_t': undeclared identifier [C:\Development\op3d_active\opencv-4.1.0\msvc\CMakeFiles\CMakeTmp\cmTC_48722.vcxproj]

C:/Development/op3d_active/opencv-4.1.0/msvc/CMakeFiles/CheckTypeSize/OFF64_T.c:
#include <sys/types.h>
#include <stdint.h>
#include <stddef.h>


#undef KEY
#if defined(__i386)
# define KEY '_','_','i','3','8','6'
#elif defined(__x86_64)
# define KEY '_','_','x','8','6','_','6','4'
#elif defined(__ppc__)
# define KEY '_','_','p','p','c','_','_'
#elif defined(__ppc64__)
# define KEY '_','_','p','p','c','6','4','_','_'
#elif defined(__aarch64__)
# define KEY '_','_','a','a','r','c','h','6','4','_','_'
#elif defined(__ARM_ARCH_7A__)
# define KEY '_','_','A','R','M','_','A','R','C','H','_','7','A','_','_'
#elif defined(__ARM_ARCH_7S__)
# define KEY '_','_','A','R','M','_','A','R','C','H','_','7','S','_','_'
#endif

#define SIZE (sizeof(off64_t))
char info_size[] =  {'I', 'N', 'F', 'O', ':', 's','i','z','e','[',
  ('0' + ((SIZE / 10000)%10)),
  ('0' + ((SIZE / 1000)%10)),
  ('0' + ((SIZE / 100)%10)),
  ('0' + ((SIZE / 10)%10)),
  ('0' +  (SIZE    % 10)),
  ']',
#ifdef KEY
  ' ','k','e','y','[', KEY, ']',
#endif
  '\0'};

#ifdef __CLASSIC_C__
int main(argc, argv) int argc; char *argv[];
#else
int main(int argc, char *argv[])
#endif
{
  int require = 0;
  require += info_size[argc];
  (void)argv;
  return require;
}


Performing C SOURCE FILE Test HAVE_BUILTIN_CTZL failed with the following output:
Change Dir: C:/Development/op3d_active/opencv-4.1.0/msvc/CMakeFiles/CMakeTmp

Run Build Command(s):C:/Program Files (x86)/Microsoft Visual Studio/2017/Enterprise/MSBuild/15.0/Bin/MSBuild.exe cmTC_7b78d.vcxproj /p:Configuration=Debug /p:Platform=Win32 /p:VisualStudioVersion=15.0 /v:m 
Microsoft (R) Build Engine version 15.9.21+g9802d43bc3 for .NET Framework
Copyright (C) Microsoft Corporation. All rights reserved.

  Microsoft (R) C/C++ Optimizing Compiler Version 19.16.27030.1 for x86
  Copyright (C) Microsoft Corporation.  All rights reserved.
  
  cl /c /I"C:\Program Files (x86)\Visual Leak Detector\include" /Zi /W3 /WX- /diagnostics:classic /MP4 /Od /Ob0 /Oi /Oy- /D WIN32 /D _WINDOWS /D _CRT_SECURE_NO_DEPRECATE /D _CRT_NONSTDC_NO_DEPRECATE /D _SCL_SECURE_NO_WARNINGS /D HAVE_BUILTIN_CTZL /D "CMAKE_INTDIR=\"Debug\"" /D _MBCS /Gm- /RTC1 /MDd /GS /Gy /arch:SSE2 /fp:precise /Zc:wchar_t /Zc:forScope /Zc:inline /Fo"cmTC_7b78d.dir\Debug\\" /Fd"cmTC_7b78d.dir\Debug\vc141.pdb" /Gd /TC /analyze- /errorReport:queue  /bigobj "C:\Development\op3d_active\opencv-4.1.0\msvc\CMakeFiles\CMakeTmp\src.c"
  src.c
  
C:\Development\op3d_active\opencv-4.1.0\msvc\CMakeFiles\CMakeTmp\src.c(1): warning C4013: '__builtin_ctzl' undefined; assuming extern returning int [C:\Development\op3d_active\opencv-4.1.0\msvc\CMakeFiles\CMakeTmp\cmTC_7b78d.vcxproj]
src.obj : error LNK2019: unresolved external symbol ___builtin_ctzl referenced in function _main [C:\Development\op3d_active\opencv-4.1.0\msvc\CMakeFiles\CMakeTmp\cmTC_7b78d.vcxproj]
C:\Development\op3d_active\opencv-4.1.0\msvc\CMakeFiles\CMakeTmp\Debug\cmTC_7b78d.exe : fatal error LNK1120: 1 unresolved externals [C:\Development\op3d_active\opencv-4.1.0\msvc\CMakeFiles\CMakeTmp\cmTC_7b78d.vcxproj]

Source file was:
int main(int argc, char **argv) { unsigned long a = argc;  return __builtin_ctzl(a); }
Determining if the function memmove exists failed with the following output:
Change Dir: C:/Development/op3d_active/opencv-4.1.0/msvc/CMakeFiles/CMakeTmp

Run Build Command(s):C:/Program Files (x86)/Microsoft Visual Studio/2017/Enterprise/MSBuild/15.0/Bin/MSBuild.exe cmTC_b375a.vcxproj /p:Configuration=Debug /p:Platform=Win32 /p:VisualStudioVersion=15.0 /v:m 
Microsoft (R) Build Engine version 15.9.21+g9802d43bc3 for .NET Framework
Copyright (C) Microsoft Corporation. All rights reserved.

  Microsoft (R) C/C++ Optimizing Compiler Version 19.16.27030.1 for x86
  Copyright (C) Microsoft Corporation.  All rights reserved.
  
  cl /c /I"C:\Program Files (x86)\Visual Leak Detector\include" /Zi /W3 /WX- /diagnostics:classic /MP4 /Od /Ob0 /Oi /Oy- /D WIN32 /D _WINDOWS /D _CRT_SECURE_NO_DEPRECATE /D _CRT_NONSTDC_NO_DEPRECATE /D _SCL_SECURE_NO_WARNINGS /D CHECK_FUNCTION_EXISTS=memmove /D "CMAKE_INTDIR=\"Debug\"" /D _MBCS /Gm- /RTC1 /MDd /GS /Gy /arch:SSE2 /fp:precise /Zc:wchar_t /Zc:forScope /Zc:inline /Fo"cmTC_b375a.dir\Debug\\" /Fd"cmTC_b375a.dir\Debug\vc141.pdb" /Gd /TC /analyze- /errorReport:queue  /bigobj "C:\Program Files\CMake\share\cmake-3.14\Modules\CheckFunctionExists.c"
  CheckFunctionExists.c
  
C:\Program Files\CMake\share\cmake-3.14\Modules\CheckFunctionExists.c(7): warning C4391: 'char memmove(void)': incorrect return type for intrinsic function, expected 'void' [C:\Development\op3d_active\opencv-4.1.0\msvc\CMakeFiles\CMakeTmp\cmTC_b375a.vcxproj]
C:\Program Files\CMake\share\cmake-3.14\Modules\CheckFunctionExists.c(7): warning C4392: 'char memmove(void)': incorrect number of arguments for intrinsic function, expected '3' arguments [C:\Development\op3d_active\opencv-4.1.0\msvc\CMakeFiles\CMakeTmp\cmTC_b375a.vcxproj]
C:\Program Files\CMake\share\cmake-3.14\Modules\CheckFunctionExists.c(17): error C2168: 'memmove': too few actual parameters for intrinsic function [C:\Development\op3d_active\opencv-4.1.0\msvc\CMakeFiles\CMakeTmp\cmTC_b375a.vcxproj]


Determining if the function strcasecmp exists failed with the following output:
Change Dir: C:/Development/op3d_active/opencv-4.1.0/msvc/CMakeFiles/CMakeTmp

Run Build Command(s):C:/Program Files (x86)/Microsoft Visual Studio/2017/Enterprise/MSBuild/15.0/Bin/MSBuild.exe cmTC_3ee4f.vcxproj /p:Configuration=Debug /p:Platform=Win32 /p:VisualStudioVersion=15.0 /v:m 
Microsoft (R) Build Engine version 15.9.21+g9802d43bc3 for .NET Framework
Copyright (C) Microsoft Corporation. All rights reserved.

  Microsoft (R) C/C++ Optimizing Compiler Version 19.16.27030.1 for x86
  Copyright (C) Microsoft Corporation.  All rights reserved.
  
  cl /c /I"C:\Program Files (x86)\Visual Leak Detector\include" /Zi /W3 /WX- /diagnostics:classic /MP4 /Od /Ob0 /Oi /Oy- /D WIN32 /D _WINDOWS /D _CRT_SECURE_NO_DEPRECATE /D _CRT_NONSTDC_NO_DEPRECATE /D _SCL_SECURE_NO_WARNINGS /D CHECK_FUNCTION_EXISTS=strcasecmp /D "CMAKE_INTDIR=\"Debug\"" /D _MBCS /Gm- /RTC1 /MDd /GS /Gy /arch:SSE2 /fp:precise /Zc:wchar_t /Zc:forScope /Zc:inline /Fo"cmTC_3ee4f.dir\Debug\\" /Fd"cmTC_3ee4f.dir\Debug\vc141.pdb" /Gd /TC /analyze- /errorReport:queue  /bigobj "C:\Program Files\CMake\share\cmake-3.14\Modules\CheckFunctionExists.c"
  CheckFunctionExists.c
  
CheckFunctionExists.obj : error LNK2019: unresolved external symbol _strcasecmp referenced in function _main [C:\Development\op3d_active\opencv-4.1.0\msvc\CMakeFiles\CMakeTmp\cmTC_3ee4f.vcxproj]
C:\Development\op3d_active\opencv-4.1.0\msvc\CMakeFiles\CMakeTmp\Debug\cmTC_3ee4f.exe : fatal error LNK1120: 1 unresolved externals [C:\Development\op3d_active\opencv-4.1.0\msvc\CMakeFiles\CMakeTmp\cmTC_3ee4f.vcxproj]


Build output check failed:
    Regex: 'unknown .*option'
    Output line: 'cl : Command line warning D9002: ignoring unknown option '-std=c99' [C:\Development\op3d_active\opencv-4.1.0\msvc\CMakeFiles\CMakeTmp\cmTC_e0431.vcxproj]'
Compilation failed:
    source file: 'C:/Development/op3d_active/opencv-4.1.0/msvc/CMakeFiles/CMakeTmp/src.c'
    check option: ' /DWIN32 /D_WINDOWS /W3  /D _CRT_SECURE_NO_DEPRECATE /D _CRT_NONSTDC_NO_DEPRECATE /D _SCL_SECURE_NO_WARNINGS /Gy /bigobj /Oi  /fp:precise  /arch:SSE /arch:SSE2   /MP4  -std=c99'
===== BUILD LOG =====
Change Dir: C:/Development/op3d_active/opencv-4.1.0/msvc/CMakeFiles/CMakeTmp

Run Build Command(s):C:/Program Files (x86)/Microsoft Visual Studio/2017/Enterprise/MSBuild/15.0/Bin/MSBuild.exe cmTC_e0431.vcxproj /p:Configuration=Debug /p:Platform=Win32 /p:VisualStudioVersion=15.0 /v:m 
Microsoft (R) Build Engine version 15.9.21+g9802d43bc3 for .NET Framework
Copyright (C) Microsoft Corporation. All rights reserved.

  Microsoft (R) C/C++ Optimizing Compiler Version 19.16.27030.1 for x86
  Copyright (C) Microsoft Corporation.  All rights reserved.
  
  cl /c /I"C:\Program Files (x86)\Visual Leak Detector\include" /Zi /W3 /WX- /diagnostics:classic /MP4 /Od /Ob0 /Oi /Oy- /D WIN32 /D _WINDOWS /D _CRT_SECURE_NO_DEPRECATE /D _CRT_NONSTDC_NO_DEPRECATE /D _SCL_SECURE_NO_WARNINGS /D "CMAKE_INTDIR=\"Debug\"" /D _MBCS /Gm- /RTC1 /MDd /GS /Gy /arch:SSE2 /fp:precise /Zc:wchar_t /Zc:forScope /Zc:inline /Fo"cmTC_e0431.dir\Debug\\" /Fd"cmTC_e0431.dir\Debug\vc141.pdb" /Gd /TC /analyze- /errorReport:queue  /bigobj /bigobj -std=c99 "C:\Development\op3d_active\opencv-4.1.0\msvc\CMakeFiles\CMakeTmp\src.c"
  src.c
  
cl : Command line warning D9002: ignoring unknown option '-std=c99' [C:\Development\op3d_active\opencv-4.1.0\msvc\CMakeFiles\CMakeTmp\cmTC_e0431.vcxproj]
  cmTC_e0431.vcxproj -> C:\Development\op3d_active\opencv-4.1.0\msvc\CMakeFiles\CMakeTmp\Debug\cmTC_e0431.exe

===== END =====

Determining if the function sgemm_ exists failed with the following output:
Change Dir: C:/Development/op3d_active/opencv-4.1.0/msvc/CMakeFiles/CMakeTmp

Run Build Command(s):C:/Program Files (x86)/Microsoft Visual Studio/2017/Enterprise/MSBuild/15.0/Bin/MSBuild.exe cmTC_b53c9.vcxproj /p:Configuration=Debug /p:Platform=Win32 /p:VisualStudioVersion=15.0 /v:m 
Microsoft (R) Build Engine version 15.9.21+g9802d43bc3 for .NET Framework
Copyright (C) Microsoft Corporation. All rights reserved.

  Microsoft (R) C/C++ Optimizing Compiler Version 19.16.27030.1 for x86
  Copyright (C) Microsoft Corporation.  All rights reserved.
  
  cl /c /I"C:\Program Files (x86)\Visual Leak Detector\include" /Zi /W3 /WX- /diagnostics:classic /MP4 /Od /Ob0 /Oi /Oy- /D WIN32 /D _WINDOWS /D _CRT_SECURE_NO_DEPRECATE /D _CRT_NONSTDC_NO_DEPRECATE /D _SCL_SECURE_NO_WARNINGS /D CHECK_FUNCTION_EXISTS=sgemm_ /D "CMAKE_INTDIR=\"Debug\"" /D _MBCS /Gm- /RTC1 /MDd /GS /Gy /arch:SSE2 /fp:precise /Zc:wchar_t /Zc:forScope /Zc:inline /Fo"cmTC_b53c9.dir\Debug\\" /Fd"cmTC_b53c9.dir\Debug\vc141.pdb" /Gd /TC /analyze- /errorReport:queue  /bigobj "C:\Program Files\CMake\share\cmake-3.14\Modules\CheckFunctionExists.c"
  CheckFunctionExists.c
  
CheckFunctionExists.obj : error LNK2019: unresolved external symbol _sgemm_ referenced in function _main [C:\Development\op3d_active\opencv-4.1.0\msvc\CMakeFiles\CMakeTmp\cmTC_b53c9.vcxproj]
C:\Development\op3d_active\opencv-4.1.0\msvc\CMakeFiles\CMakeTmp\Debug\cmTC_b53c9.exe : fatal error LNK1120: 1 unresolved externals [C:\Development\op3d_active\opencv-4.1.0\msvc\CMakeFiles\CMakeTmp\cmTC_b53c9.vcxproj]


Determining if the include file pthread.h exists failed with the following output:
Change Dir: C:/Development/op3d_active/opencv-4.1.0/msvc/CMakeFiles/CMakeTmp

Run Build Command(s):C:/Program Files (x86)/Microsoft Visual Studio/2017/Enterprise/MSBuild/15.0/Bin/MSBuild.exe cmTC_497df.vcxproj /p:Configuration=Debug /p:Platform=Win32 /p:VisualStudioVersion=15.0 /v:m 
Microsoft (R) Build Engine version 15.9.21+g9802d43bc3 for .NET Framework
Copyright (C) Microsoft Corporation. All rights reserved.

  Microsoft (R) C/C++ Optimizing Compiler Version 19.16.27030.1 for x86
  Copyright (C) Microsoft Corporation.  All rights reserved.
  
  cl /c /I"C:\Program Files (x86)\Visual Leak Detector\include" /Zi /W3 /WX- /diagnostics:classic /MP4 /Od /Ob0 /Oi /Oy- /D WIN32 /D _WINDOWS /D _CRT_SECURE_NO_DEPRECATE /D _CRT_NONSTDC_NO_DEPRECATE /D _SCL_SECURE_NO_WARNINGS /D "CMAKE_INTDIR=\"Debug\"" /D _MBCS /Gm- /RTC1 /MDd /GS /Gy /arch:SSE2 /fp:precise /Zc:wchar_t /Zc:forScope /Zc:inline /Fo"cmTC_497df.dir\Debug\\" /Fd"cmTC_497df.dir\Debug\vc141.pdb" /Gd /TC /analyze- /errorReport:queue  /bigobj "C:\Development\op3d_active\opencv-4.1.0\msvc\CMakeFiles\CMakeTmp\CheckIncludeFile.c"
  CheckIncludeFile.c
  
C:\Development\op3d_active\opencv-4.1.0\msvc\CMakeFiles\CMakeTmp\CheckIncludeFile.c(1): fatal error C1083: Cannot open include file: 'pthread.h': No such file or directory [C:\Development\op3d_active\opencv-4.1.0\msvc\CMakeFiles\CMakeTmp\cmTC_497df.vcxproj]


Determining if the include file /libpng/png.h exists failed with the following output:
Change Dir: C:/Development/op3d_active/opencv-4.1.0/msvc/CMakeFiles/CMakeTmp

Run Build Command(s):C:/Program Files (x86)/Microsoft Visual Studio/2017/Enterprise/MSBuild/15.0/Bin/MSBuild.exe cmTC_9811b.vcxproj /p:Configuration=Debug /p:Platform=Win32 /p:VisualStudioVersion=15.0 /v:m 
Microsoft (R) Build Engine version 15.9.21+g9802d43bc3 for .NET Framework
Copyright (C) Microsoft Corporation. All rights reserved.

  Microsoft (R) C/C++ Optimizing Compiler Version 19.16.27038 for x86
  Copyright (C) Microsoft Corporation.  All rights reserved.
  
  cl /c /I"C:\Program Files (x86)\Visual Leak Detector\include" /Zi /W3 /WX- /diagnostics:classic /MP4 /Od /Ob0 /Oi /Oy- /D WIN32 /D _WINDOWS /D _CRT_SECURE_NO_DEPRECATE /D _CRT_NONSTDC_NO_DEPRECATE /D _SCL_SECURE_NO_WARNINGS /D "CMAKE_INTDIR=\"Debug\"" /D _MBCS /Gm- /RTC1 /MDd /GS /Gy /arch:SSE2 /fp:precise /Zc:wchar_t /Zc:forScope /Zc:inline /Fo"cmTC_9811b.dir\Debug\\" /Fd"cmTC_9811b.dir\Debug\vc141.pdb" /Gd /TC /analyze- /errorReport:queue  /bigobj "C:\Development\op3d_active\opencv-4.1.0\msvc\CMakeFiles\CMakeTmp\CheckIncludeFile.c"
  CheckIncludeFile.c
  
C:\Development\op3d_active\opencv-4.1.0\msvc\CMakeFiles\CMakeTmp\CheckIncludeFile.c(1): fatal error C1083: Cannot open include file: '/libpng/png.h': No such file or directory [C:\Development\op3d_active\opencv-4.1.0\msvc\CMakeFiles\CMakeTmp\cmTC_9811b.vcxproj]


